<?xml version="1.0" encoding="UTF-8"?>
<!-- Generated by org.testng.reporters.JUnitReportReporter -->
<testsuite hostname="MANSINGH" failures="0" tests="1" name="jenkins_concept.jenkins.test.JenkinsDemo" time="46.950" errors="0" timestamp="2024-01-30T14:23:13 IST" skipped="0">
  <testcase classname="jenkins_concept.jenkins.test.JenkinsDemo" name="test" time="46.950"/>
</testsuite> <!-- jenkins_concept.jenkins.test.JenkinsDemo -->
