<?xml version="1.0" encoding="UTF-8"?>
<!-- Generated by org.testng.reporters.JUnitReportReporter -->
<testsuite hostname="MANSINGH" failures="0" tests="1" name="jenkins_concept.jenkins.test.JenkinsDemo" time="16.752" errors="0" timestamp="2023-12-28T13:30:58 IST" skipped="0">
  <testcase classname="jenkins_concept.jenkins.test.JenkinsDemo" name="test" time="16.752"/>
</testsuite> <!-- jenkins_concept.jenkins.test.JenkinsDemo -->
