<?xml version="1.0" encoding="UTF-8"?>
<!-- Generated by org.testng.reporters.JUnitReportReporter -->
<testsuite hostname="MANSINGH" failures="0" tests="1" name="jenkins_concept.jenkins.test.JenkinsDemo" time="42.796" errors="0" timestamp="2023-12-31T09:03:36 IST" skipped="0">
  <testcase classname="jenkins_concept.jenkins.test.JenkinsDemo" name="test" time="42.796"/>
</testsuite> <!-- jenkins_concept.jenkins.test.JenkinsDemo -->
